<?xml version="1.0" encoding="UTF-8"?>
<TestRun id="fd6d6962-d389-441f-9c2d-b951dde6b6a1" name="almeidfa@RJ-RISC-0014 2014-12-19 19:52:11" runUser="DOMAIN\almeidfa" xmlns="http://microsoft.com/schemas/VisualStudio/TeamTest/2010">
  <TestSettings name="Local" id="7aeccb53-309a-402d-8be5-983e83f26f2b">
    <Description>These are default test settings for a local test run.</Description>
    <Deployment enabled="false" runDeploymentRoot="almeidfa_RJ-RISC-0014 2014-12-19 19_52_11">
      <DeploymentItem filename="G:\felipe\programming\projects\prototyping\Prototyping\Prototyping.Code\bin\Debug\Prototyping.Code.dll" />
    </Deployment>
    <Execution>
      <TestTypeSpecific />
      <AgentRule name="Execution Agents">
      </AgentRule>
    </Execution>
  </TestSettings>
  <Times creation="2014-12-19T19:52:11.8922535-02:00" queuing="2014-12-19T19:52:13.9132535-02:00" start="2014-12-19T19:52:14.1122535-02:00" finish="2014-12-19T19:52:40.5342535-02:00" />
  <ResultSummary outcome="Completed">
    <Counters total="1" executed="1" passed="1" error="0" failed="0" timeout="0" aborted="0" inconclusive="0" passedButRunAborted="0" notRunnable="0" notExecuted="0" disconnected="0" warning="0" completed="0" inProgress="0" pending="0" />
  </ResultSummary>
  <TestDefinitions>
    <UnitTest name="TestMethod1" storage="g:\felipe\programming\projects\prototyping\prototyping\prototyping.code.tests\bin\debug\prototyping.code.tests.dll" id="f4841711-36b0-d577-c39a-32060ff51d0a">
      <Execution id="f5cfaf9a-21b3-4357-8640-ce5414e38c71" />
      <TestMethod codeBase="G:/felipe/programming/projects/prototyping/Prototyping/Prototyping.Code.Tests/bin/Debug/Prototyping.Code.Tests.DLL" adapterTypeName="Microsoft.VisualStudio.TestTools.TestTypes.Unit.UnitTestAdapter, Microsoft.VisualStudio.QualityTools.Tips.UnitTest.Adapter, Version=10.0.0.0, Culture=neutral, PublicKeyToken=b03f5f7f11d50a3a" className="Prototyping.Code.Tests.CoachBaseRepositoryTests, Prototyping.Code.Tests, Version=1.0.0.0, Culture=neutral, PublicKeyToken=null" name="TestMethod1" />
    </UnitTest>
  </TestDefinitions>
  <TestLists>
    <TestList name="Results Not in a List" id="8c84fa94-04c1-424b-9868-57a2d4851a1d" />
    <TestList name="All Loaded Results" id="19431567-8539-422a-85d7-44ee4e166bda" />
  </TestLists>
  <TestEntries>
    <TestEntry testId="f4841711-36b0-d577-c39a-32060ff51d0a" executionId="f5cfaf9a-21b3-4357-8640-ce5414e38c71" testListId="8c84fa94-04c1-424b-9868-57a2d4851a1d" />
  </TestEntries>
  <Results>
    <UnitTestResult executionId="f5cfaf9a-21b3-4357-8640-ce5414e38c71" testId="f4841711-36b0-d577-c39a-32060ff51d0a" testName="TestMethod1" computerName="RJ-RISC-0014" duration="00:00:25.1520258" startTime="2014-12-19T19:52:14.2332535-02:00" endTime="2014-12-19T19:52:40.4532535-02:00" testType="13cdc9d9-ddb5-4fa4-a97d-d965ccfc6d4b" outcome="Passed" testListId="8c84fa94-04c1-424b-9868-57a2d4851a1d" relativeResultsDirectory="f5cfaf9a-21b3-4357-8640-ce5414e38c71">
      <Output>
        <DebugTrace>no configuration section &lt;common/logging&gt; found - suppressing logging output
</DebugTrace>
      </Output>
    </UnitTestResult>
  </Results>
</TestRun>